#
# There is insufficient memory for the Java Runtime Environment to continue.
# Native memory allocation (mmap) failed to map 65011712 bytes for Failed to commit area from 0x00000000c2000000 to 0x00000000c5e00000 of length 65011712.
# Possible reasons:
#   The system is out of physical RAM or swap space
#   The process is running with CompressedOops enabled, and the Java Heap may be blocking the growth of the native heap
# Possible solutions:
#   Reduce memory load on the system
#   Increase physical memory or swap space
#   Check if swap backing store is full
#   Decrease Java heap size (-Xmx/-Xms)
#   Decrease number of Java threads
#   Decrease Java thread stack sizes (-Xss)
#   Set larger code cache with -XX:ReservedCodeCacheSize=
# This output file may be truncated or incomplete.
#
#  Out of Memory Error (./open/src/hotspot/os/windows/os_windows.cpp:3271), pid=6888, tid=6608
#
# JRE version:  (11.0.7+8) (build )
# Java VM: Java HotSpot(TM) 64-Bit Server VM (11.0.7+8-LTS, mixed mode, sharing, tiered, compressed oops, g1 gc, windows-amd64)
# No core dump will be written. Minidumps are not enabled by default on client versions of Windows
#

---------------  S U M M A R Y ------------

Command Line: -Dfile.encoding=Cp1252 application.Main

Host: Intel(R) Core(TM) i3-6006U CPU @ 2.00GHz, 4 cores, 3G,  Windows 10 , 64 bit Build 17763 (10.0.17763.1158)
Time: Sat Jul 18 18:22:40 2020 Hora oficial do Brasil elapsed time: 0 seconds (0d 0h 0m 0s)

---------------  T H R E A D  ---------------

Current thread (0x00000208fa292800):  JavaThread "Unknown thread" [_thread_in_vm, id=6608, stack(0x0000008f0c700000,0x0000008f0c800000)]

Stack: [0x0000008f0c700000,0x0000008f0c800000]
Native frames: (J=compiled Java code, j=interpreted, Vv=VM code, C=native code)
V  [jvm.dll+0x661a7a]
V  [jvm.dll+0x7a1b2f]
V  [jvm.dll+0x7a31d5]
V  [jvm.dll+0x7a3843]
V  [jvm.dll+0x25f1a8]
V  [jvm.dll+0x65ee8a]
V  [jvm.dll+0x653865]
V  [jvm.dll+0x316adc]
V  [jvm.dll+0x316962]
V  [jvm.dll+0x31c1d6]
V  [jvm.dll+0x3688af]
V  [jvm.dll+0x3682d0]
V  [jvm.dll+0x2f3888]
V  [jvm.dll+0x2f49e6]
V  [jvm.dll+0x77ac57]
V  [jvm.dll+0x77c52f]
V  [jvm.dll+0x3755a9]
V  [jvm.dll+0x75fe6e]
V  [jvm.dll+0x3e5b7d]
V  [jvm.dll+0x3e8091]
C  [javaw.exe+0x3617]
C  [javaw.exe+0x17e2c]
C  [KERNEL32.DLL+0x17974]
C  [ntdll.dll+0x6a271]


---------------  P R O C E S S  ---------------

Threads class SMR info:
_java_thread_list=0x00000208f80a39f0, length=0, elements={
}

Java Threads: ( => current thread )

Other Threads:
  0x00000208fa2aa000 GCTaskThread "GC Thread#0" [stack: 0x0000008f0c800000,0x0000008f0c900000] [id=4952]
  0x00000208fa2c5000 ConcurrentGCThread "G1 Main Marker" [stack: 0x0000008f0c900000,0x0000008f0ca00000] [id=10136]
  0x00000208fa2c7000 ConcurrentGCThread "G1 Conc#0" [stack: 0x0000008f0ca00000,0x0000008f0cb00000] [id=5424]

[error occurred during error reporting (printing all threads), id 0xc0000005, EXCEPTION_ACCESS_VIOLATION (0xc0000005) at pc=0x00007ffb5bff2047]

VM state:not at safepoint (not fully initialized)

VM Mutex/Monitor currently owned by a thread:  ([mutex/lock_event])
[0x00000208fa291b50] Heap_lock - owner thread: 0x00000208fa292800

Heap address: 0x00000000c2000000, size: 992 MB, Compressed Oops mode: Non-zero based: 0x00000000c2000000
Narrow klass base: 0x0000000000000000, Narrow klass shift: 0

GC Heap History (0 events):
No events

Deoptimization events (0 events):
No events

Classes redefined (0 events):
No events

Internal exceptions (0 events):
No events

Events (0 events):
No events


Dynamic libraries:
0x00007ff6bbd90000 - 0x00007ff6bbdd7000 	C:\Program Files\Java\jdk-11.0.7\bin\javaw.exe
0x00007ffb94390000 - 0x00007ffb9457d000 	C:\Windows\SYSTEM32\ntdll.dll
0x00007ffb942a0000 - 0x00007ffb94353000 	C:\Windows\System32\KERNEL32.DLL
0x00007ffb91200000 - 0x00007ffb91495000 	C:\Windows\System32\KERNELBASE.dll
0x00007ffb935e0000 - 0x00007ffb93683000 	C:\Windows\System32\ADVAPI32.dll
0x00007ffb93a80000 - 0x00007ffb93b1e000 	C:\Windows\System32\msvcrt.dll
0x00007ffb93740000 - 0x00007ffb937de000 	C:\Windows\System32\sechost.dll
0x00007ffb94000000 - 0x00007ffb94122000 	C:\Windows\System32\RPCRT4.dll
0x00007ffb91e40000 - 0x00007ffb91fd7000 	C:\Windows\System32\USER32.dll
0x00007ffb90470000 - 0x00007ffb90490000 	C:\Windows\System32\win32u.dll
0x00007ffb91d40000 - 0x00007ffb91d69000 	C:\Windows\System32\GDI32.dll
0x00007ffb90c80000 - 0x00007ffb90e1a000 	C:\Windows\System32\gdi32full.dll
0x00007ffb90490000 - 0x00007ffb90530000 	C:\Windows\System32\msvcp_win.dll
0x00007ffb90e70000 - 0x00007ffb90f6a000 	C:\Windows\System32\ucrtbase.dll
0x00007ffb7a640000 - 0x00007ffb7a8b9000 	C:\Windows\WinSxS\amd64_microsoft.windows.common-controls_6595b64144ccf1df_6.0.17763.1282_none_de75b6f253473c0f\COMCTL32.dll
0x00007ffb93b50000 - 0x00007ffb93e7c000 	C:\Windows\System32\combase.dll
0x00007ffb90f70000 - 0x00007ffb90fee000 	C:\Windows\System32\bcryptPrimitives.dll
0x00007ffb80400000 - 0x00007ffb8040a000 	C:\Windows\SYSTEM32\VERSION.dll
0x00007ffb93b20000 - 0x00007ffb93b4e000 	C:\Windows\System32\IMM32.DLL
0x00007ffb85370000 - 0x00007ffb85386000 	C:\Program Files\Java\jdk-11.0.7\bin\vcruntime140.dll
0x00007ffb72b40000 - 0x00007ffb72bea000 	C:\Program Files\Java\jdk-11.0.7\bin\msvcp140.dll
0x00007ffb5bcf0000 - 0x00007ffb5c851000 	C:\Program Files\Java\jdk-11.0.7\bin\server\jvm.dll
0x00007ffb937e0000 - 0x00007ffb937e8000 	C:\Windows\System32\PSAPI.DLL
0x00007ffb81b60000 - 0x00007ffb81b69000 	C:\Windows\SYSTEM32\WSOCK32.dll
0x00007ffb91ff0000 - 0x00007ffb9205d000 	C:\Windows\System32\WS2_32.dll
0x00007ffb8dd00000 - 0x00007ffb8dd24000 	C:\Windows\SYSTEM32\WINMM.dll
0x00007ffb8dcd0000 - 0x00007ffb8dcfd000 	C:\Windows\SYSTEM32\WINMMBASE.dll
0x00007ffb90e20000 - 0x00007ffb90e6a000 	C:\Windows\System32\cfgmgr32.dll
0x00007ffb903e0000 - 0x00007ffb903f1000 	C:\Windows\System32\kernel.appcore.dll
0x00007ffb817a0000 - 0x00007ffb817b1000 	C:\Program Files\Java\jdk-11.0.7\bin\verify.dll
0x00007ffb8ecf0000 - 0x00007ffb8eedd000 	C:\Windows\SYSTEM32\DBGHELP.DLL
0x00007ffb79cc0000 - 0x00007ffb79cea000 	C:\Windows\SYSTEM32\dbgcore.DLL
0x00007ffb74890000 - 0x00007ffb748b9000 	C:\Program Files\Java\jdk-11.0.7\bin\java.dll
0x00007ffb81b20000 - 0x00007ffb81b2a000 	C:\Program Files\Java\jdk-11.0.7\bin\jimage.dll
0x00007ffb80ff0000 - 0x00007ffb81006000 	C:\Program Files\Java\jdk-11.0.7\bin\zip.dll

dbghelp: loaded successfully - version: 4.0.5 - missing functions: none
symbol engine: initialized successfully - sym options: 0x614 - pdb path: .;C:\Program Files\Java\jdk-11.0.7\bin;C:\Windows\SYSTEM32;C:\Windows\WinSxS\amd64_microsoft.windows.common-controls_6595b64144ccf1df_6.0.17763.1282_none_de75b6f253473c0f;C:\Program Files\Java\jdk-11.0.7\bin\server

VM Arguments:
jvm_args: -Dfile.encoding=Cp1252 
java_command: application.Main
java_class_path (initial): C:\Users\annaj\eclipse-workspace\teste_jfox\bin
Launcher Type: SUN_STANDARD

[Global flags]
     intx CICompilerCount                          = 3                                         {product} {ergonomic}
     uint ConcGCThreads                            = 1                                         {product} {ergonomic}
     uint G1ConcRefinementThreads                  = 4                                         {product} {ergonomic}
   size_t G1HeapRegionSize                         = 1048576                                   {product} {ergonomic}
    uintx GCDrainStackTargetSize                   = 64                                        {product} {ergonomic}
   size_t InitialHeapSize                          = 65011712                                  {product} {ergonomic}
   size_t MarkStackSize                            = 4194304                                   {product} {ergonomic}
   size_t MaxHeapSize                              = 1040187392                                {product} {ergonomic}
   size_t MinHeapDeltaBytes                        = 1048576                                   {product} {ergonomic}
    uintx NonNMethodCodeHeapSize                   = 5830732                                {pd product} {ergonomic}
    uintx NonProfiledCodeHeapSize                  = 122913754                              {pd product} {ergonomic}
    uintx ProfiledCodeHeapSize                     = 122913754                              {pd product} {ergonomic}
    uintx ReservedCodeCacheSize                    = 251658240                              {pd product} {ergonomic}
     bool SegmentedCodeCache                       = true                                      {product} {ergonomic}
     bool UseCompressedClassPointers               = true                                 {lp64_product} {ergonomic}
     bool UseCompressedOops                        = true                                 {lp64_product} {ergonomic}
     bool UseG1GC                                  = true                                      {product} {ergonomic}
     bool UseLargePagesIndividualAllocation        = false                                  {pd product} {ergonomic}

Logging:
Log output configuration:
 #0: stdout all=warning uptime,level,tags
 #1: stderr all=off uptime,level,tags

Environment Variables:
JAVA_HOME=C:\Program Files\Java\jdk-11.0.7
PATH=C:/Program Files/Java/jdk-11.0.7/bin/server;C:/Program Files/Java/jdk-11.0.7/bin;C:\Windows\system32;C:\Windows;C:\Windows\System32\Wbem;C:\Windows\System32\WindowsPowerShell\v1.0\;C:\Windows\System32\OpenSSH\;C:\Program Files (x86)\Intel\Intel(R) Management Engine Components\DAL;C:\Program Files\Intel\Intel(R) Management Engine Components\DAL;C:\Program Files\dotnet\;C:\Program Files\Java\jdk-11.0.7\bin;C:\Program Files\Apache\Maven\apache-maven-3.6.3\bin;C:\Users\annaj\AppData\Local\Microsoft\WindowsApps;;C:\eclipse;
USERNAME=annaj
OS=Windows_NT
PROCESSOR_IDENTIFIER=Intel64 Family 6 Model 78 Stepping 3, GenuineIntel



---------------  S Y S T E M  ---------------

OS: Windows 10 , 64 bit Build 17763 (10.0.17763.1158)

CPU:total 4 (initial active 4) (2 cores per cpu, 2 threads per core) family 6 model 78 stepping 3, cmov, cx8, fxsr, mmx, sse, sse2, sse3, ssse3, sse4.1, sse4.2, popcnt, avx, avx2, aes, clmul, erms, 3dnowpref, lzcnt, ht, tsc, tscinvbit, bmi1, bmi2, adx, fma

Memory: 4k page, system-wide physical 3962M (427M free)
TotalPageFile size 3962M (AvailPageFile size 106M)
current process WorkingSet (physical memory assigned to process): 9M, peak: 9M
current process commit charge ("private bytes"): 51M, peak: 113M

vm_info: Java HotSpot(TM) 64-Bit Server VM (11.0.7+8-LTS) for windows-amd64 JRE (11.0.7+8-LTS), built on Mar 12 2020 02:04:32 by "mach5one" with MS VC++ 15.5 (VS2017)

END.
